Flow report for equalizer
Fri Apr 12 17:30:28 2024
Quartus II 64-Bit Version 13.0.1 Build 232 06/12/2013 Service Pack 1 SJ Web Edition


---------------------
; Table of Contents ;
---------------------
  1. Legal Notice
  2. Flow Summary
  3. Flow Settings
  4. Flow Non-Default Global Settings
  5. Flow Elapsed Time
  6. Flow OS Summary
  7. Flow Log
  8. Flow Messages
  9. Flow Suppressed Messages



----------------
; Legal Notice ;
----------------
Copyright (C) 1991-2013 Altera Corporation
Your use of Altera Corporation's design tools, logic functions 
and other software and tools, and its AMPP partner logic 
functions, and any output files from any of the foregoing 
(including device programming or simulation files), and any 
associated documentation or information are expressly subject 
to the terms and conditions of the Altera Program License 
Subscription Agreement, Altera MegaCore Function License 
Agreement, or other applicable license agreement, including, 
without limitation, that your use is for the sole purpose of 
programming logic devices manufactured by Altera and sold by 
Altera or its authorized distributors.  Please refer to the 
applicable agreement for further details.



+--------------------------------------------------------------------------------------+
; Flow Summary                                                                         ;
+------------------------------------+-------------------------------------------------+
; Flow Status                        ; Successful - Fri Apr 12 17:30:28 2024           ;
; Quartus II 64-Bit Version          ; 13.0.1 Build 232 06/12/2013 SP 1 SJ Web Edition ;
; Revision Name                      ; equalizer                                       ;
; Top-level Entity Name              ; top_module                                      ;
; Family                             ; Cyclone IV E                                    ;
; Total logic elements               ; 21,974 / 39,600 ( 55 % )                        ;
;     Total combinational functions  ; 21,548 / 39,600 ( 54 % )                        ;
;     Dedicated logic registers      ; 1,008 / 39,600 ( 3 % )                          ;
; Total registers                    ; 1008                                            ;
; Total pins                         ; 275 / 329 ( 84 % )                              ;
; Total virtual pins                 ; 0                                               ;
; Total memory bits                  ; 0 / 1,161,216 ( 0 % )                           ;
; Embedded Multiplier 9-bit elements ; 0 / 232 ( 0 % )                                 ;
; Total PLLs                         ; 0 / 4 ( 0 % )                                   ;
; Device                             ; EP4CE40F23C6                                    ;
; Timing Models                      ; Final                                           ;
+------------------------------------+-------------------------------------------------+


+-----------------------------------------+
; Flow Settings                           ;
+-------------------+---------------------+
; Option            ; Setting             ;
+-------------------+---------------------+
; Start date & time ; 04/12/2024 17:24:52 ;
; Main task         ; Compilation         ;
; Revision Name     ; equalizer           ;
+-------------------+---------------------+


+----------------------------------------------------------------------------------------------------------------------+
; Flow Non-Default Global Settings                                                                                     ;
+-------------------------------------+---------------------------------+---------------+-------------+----------------+
; Assignment Name                     ; Value                           ; Default Value ; Entity Name ; Section Id     ;
+-------------------------------------+---------------------------------+---------------+-------------+----------------+
; COMPILER_SIGNATURE_ID               ; 115410749497212.171291749207288 ; --            ; --          ; --             ;
; EDA_OUTPUT_DATA_FORMAT              ; Verilog Hdl                     ; --            ; --          ; eda_simulation ;
; EDA_SIMULATION_TOOL                 ; ModelSim (Verilog)              ; <None>        ; --          ; --             ;
; EDA_TIME_SCALE                      ; 1 ps                            ; --            ; --          ; eda_simulation ;
; PARTITION_COLOR                     ; 16764057                        ; --            ; top_module  ; Top            ;
; PARTITION_FITTER_PRESERVATION_LEVEL ; PLACEMENT_AND_ROUTING           ; --            ; top_module  ; Top            ;
; PARTITION_NETLIST_TYPE              ; SOURCE                          ; --            ; top_module  ; Top            ;
; PROJECT_OUTPUT_DIRECTORY            ; output_files                    ; --            ; --          ; --             ;
; TOP_LEVEL_ENTITY                    ; top_module                      ; equalizer     ; --          ; --             ;
+-------------------------------------+---------------------------------+---------------+-------------+----------------+


+-------------------------------------------------------------------------------------------------------------------------------+
; Flow Elapsed Time                                                                                                             ;
+---------------------------+--------------+-------------------------+---------------------+------------------------------------+
; Module Name               ; Elapsed Time ; Average Processors Used ; Peak Virtual Memory ; Total CPU Time (on all processors) ;
+---------------------------+--------------+-------------------------+---------------------+------------------------------------+
; Analysis & Synthesis      ; 00:01:26     ; 1.0                     ; 4834 MB             ; 00:01:25                           ;
; Fitter                    ; 00:02:39     ; 1.0                     ; 5100 MB             ; 00:02:38                           ;
; Assembler                 ; 00:00:08     ; 1.0                     ; 4627 MB             ; 00:00:07                           ;
; TimeQuest Timing Analyzer ; 00:00:20     ; 1.0                     ; 5039 MB             ; 00:00:19                           ;
; EDA Netlist Writer        ; 00:00:50     ; 1.0                     ; 4721 MB             ; 00:00:49                           ;
; Total                     ; 00:05:23     ; --                      ; --                  ; 00:05:18                           ;
+---------------------------+--------------+-------------------------+---------------------+------------------------------------+


+----------------------------------------------------------------------------------------+
; Flow OS Summary                                                                        ;
+---------------------------+------------------+-----------+------------+----------------+
; Module Name               ; Machine Hostname ; OS Name   ; OS Version ; Processor type ;
+---------------------------+------------------+-----------+------------+----------------+
; Analysis & Synthesis      ; DESKTOP-8C8EPSK  ; Windows 7 ; 6.2        ; x86_64         ;
; Fitter                    ; DESKTOP-8C8EPSK  ; Windows 7 ; 6.2        ; x86_64         ;
; Assembler                 ; DESKTOP-8C8EPSK  ; Windows 7 ; 6.2        ; x86_64         ;
; TimeQuest Timing Analyzer ; DESKTOP-8C8EPSK  ; Windows 7 ; 6.2        ; x86_64         ;
; EDA Netlist Writer        ; DESKTOP-8C8EPSK  ; Windows 7 ; 6.2        ; x86_64         ;
+---------------------------+------------------+-----------+------------+----------------+


------------
; Flow Log ;
------------
quartus_map --read_settings_files=on --write_settings_files=off equalizer -c equalizer
quartus_fit --read_settings_files=off --write_settings_files=off equalizer -c equalizer
quartus_asm --read_settings_files=off --write_settings_files=off equalizer -c equalizer
quartus_sta equalizer -c equalizer
quartus_eda --read_settings_files=off --write_settings_files=off equalizer -c equalizer



